<?xml version="1.0" encoding="UTF-8" ?>
<testsuite tests="1" failures="0" name="com.example.app.AppTest" time="0.006" errors="0" skipped="0">
  <properties>
    <property name="java.vendor" value="Oracle Corporation"/>
    <property name="JOB_NAME" value="Build_job3"/>
    <property name="PWD" value="/opt/bitnami/apache-tomcat/logs"/>
    <property name="sun.java.launcher" value="SUN_STANDARD"/>
    <property name="sun.management.compiler" value="HotSpot 64-Bit Tiered Compilers"/>
    <property name="JENKINS_HOME" value="/opt/bitnami/apps/jenkins/jenkins_home"/>
    <property name="PATH" value="/opt/bitnami/apps/jenkins/jenkins_home/tools/hudson.model.JDK/JDK_8/bin:/opt/bitnami/gradle/bin:/opt/bitnami/git/bin:/opt/bitnami/java/bin:/opt/bitnami/sqlite/bin:/opt/bitnami/apache2/bin:/opt/bitnami/common/bin:/sbin:/usr/sbin:/bin:/usr/bin"/>
    <property name="HUDSON_SERVER_COOKIE" value="d26cee0308e2a0ce"/>
    <property name="POM_ARTIFACTID" value="OneClickDemo"/>
    <property name="os.name" value="Linux"/>
    <property name="sun.boot.class.path" value="/opt/bitnami/apps/jenkins/jenkins_home/tools/hudson.model.JDK/JDK_8/jre/lib/resources.jar:/opt/bitnami/apps/jenkins/jenkins_home/tools/hudson.model.JDK/JDK_8/jre/lib/rt.jar:/opt/bitnami/apps/jenkins/jenkins_home/tools/hudson.model.JDK/JDK_8/jre/lib/sunrsasign.jar:/opt/bitnami/apps/jenkins/jenkins_home/tools/hudson.model.JDK/JDK_8/jre/lib/jsse.jar:/opt/bitnami/apps/jenkins/jenkins_home/tools/hudson.model.JDK/JDK_8/jre/lib/jce.jar:/opt/bitnami/apps/jenkins/jenkins_home/tools/hudson.model.JDK/JDK_8/jre/lib/charsets.jar:/opt/bitnami/apps/jenkins/jenkins_home/tools/hudson.model.JDK/JDK_8/jre/lib/jfr.jar:/opt/bitnami/apps/jenkins/jenkins_home/tools/hudson.model.JDK/JDK_8/jre/classes"/>
    <property name="EXECUTOR_NUMBER" value="0"/>
    <property name="GRADLE_USER_HOME" value="/opt/bitnami/.gradle"/>
    <property name="runlevel" value="2"/>
    <property name="previous" value="N"/>
    <property name="java.vm.specification.vendor" value="Oracle Corporation"/>
    <property name="POM_DISPLAYNAME" value="OneClickDemo"/>
    <property name="PREVLEVEL" value="N"/>
    <property name="NODE_LABELS" value="master"/>
    <property name="java.runtime.version" value="1.8.0_60-b27"/>
    <property name="CXXFLAGS" value="-I/opt/bitnami/common/include "/>
    <property name="LD_LIBRARY_PATH" value="/opt/bitnami/common/lib:/opt/bitnami/git/lib:/opt/bitnami/sqlite/lib:/opt/bitnami/apache2/lib:/opt/bitnami/common/lib:"/>
    <property name="user.name" value="root"/>
    <property name="guice.disable.misplaced.annotation.check" value="true"/>
    <property name="user.language" value="en"/>
    <property name="JOB_BASE_NAME" value="Build_job3"/>
    <property name="BUILD_DISPLAY_NAME" value="#122"/>
    <property name="sun.boot.library.path" value="/opt/bitnami/apps/jenkins/jenkins_home/tools/hudson.model.JDK/JDK_8/jre/lib/amd64"/>
    <property name="java.version" value="1.8.0_60"/>
    <property name="user.timezone" value="Etc/UTC"/>
    <property name="sun.arch.data.model" value="64"/>
    <property name="NODE_NAME" value="master"/>
    <property name="TERM" value="linux"/>
    <property name="CFLAGS" value="-I/opt/bitnami/common/include "/>
    <property name="OPENSSL_ENGINES" value="/opt/bitnami/common/lib/engines"/>
    <property name="NLSPATH" value="/usr/dt/lib/nls/msg/%L/%N.cat"/>
    <property name="java.endorsed.dirs" value="/opt/bitnami/apps/jenkins/jenkins_home/tools/hudson.model.JDK/JDK_8/jre/lib/endorsed"/>
    <property name="BUILD_ID" value="122"/>
    <property name="sun.cpu.isalist" value=""/>
    <property name="PKG_CONFIG_PATH" value="/opt/bitnami/common/lib/pkgconfig"/>
    <property name="sun.jnu.encoding" value="ANSI_X3.4-1968"/>
    <property name="file.encoding.pkg" value="sun.io"/>
    <property name="file.separator" value="/"/>
    <property name="java.specification.name" value="Java Platform API Specification"/>
    <property name="java.class.version" value="52.0"/>
    <property name="org.slf4j.simpleLogger.defaultLogLevel" value="info"/>
    <property name="JRE_HOME" value="/opt/bitnami/java"/>
    <property name="user.country" value="US"/>
    <property name="securerandom.source" value="file:/dev/./urandom"/>
    <property name="UPSTART_JOB" value="rc"/>
    <property name="java.home" value="/opt/bitnami/apps/jenkins/jenkins_home/tools/hudson.model.JDK/JDK_8/jre"/>
    <property name="java.vm.info" value="mixed mode"/>
    <property name="SSL_CERT_FILE" value="/opt/bitnami/common/openssl/certs/curl-ca-bundle.crt"/>
    <property name="SASL_PATH" value="/opt/bitnami/common/lib/sasl2"/>
    <property name="os.version" value="3.13.0-65-generic"/>
    <property name="GIT_SSL_CAINFO" value="/opt/bitnami/common/openssl/certs/curl-ca-bundle.crt"/>
    <property name="POM_VERSION" value="0.0.1-SNAPSHOT"/>
    <property name="sun.font.fontmanager" value="sun.awt.X11FontManager"/>
    <property name="path.separator" value=":"/>
    <property name="java.vm.version" value="25.60-b23"/>
    <property name="JAVA_OPTS" value="-Xms2048M -Xmx4096M -Djava.awt.headless=true -XX:+UseG1GC -Dfile.encoding=UTF-8  "/>
    <property name="GIT_TEMPLATE_DIR" value="/opt/bitnami/git/share/git-core/templates"/>
    <property name="CURL_CA_BUNDLE" value="/opt/bitnami/common/openssl/certs/curl-ca-bundle.crt"/>
    <property name="java.awt.printerjob" value="sun.print.PSPrinterJob"/>
    <property name="JAVA_HOME" value="/opt/bitnami/apps/jenkins/jenkins_home/tools/hudson.model.JDK/JDK_8"/>
    <property name="sun.io.unicode.encoding" value="UnicodeLittle"/>
    <property name="awt.toolkit" value="sun.awt.X11.XToolkit"/>
    <property name="POM_PACKAGING" value="war"/>
    <property name="HOME" value=""/>
    <property name="POM_GROUPID" value="Demo"/>
    <property name="user.home" value="/root"/>
    <property name="BUILD_TAG" value="jenkins-Build_job3-122"/>
    <property name="JENKINS_SERVER_COOKIE" value="d26cee0308e2a0ce"/>
    <property name="HUDSON_URL" value="http://54.227.164.99/jenkins/"/>
    <property name="java.specification.vendor" value="Oracle Corporation"/>
    <property name="CLASSPATH" value=""/>
    <property name="java.vendor.url" value="http://java.oracle.com/"/>
    <property name="java.library.path" value="/opt/bitnami/common/lib:/opt/bitnami/git/lib:/opt/bitnami/sqlite/lib:/opt/bitnami/apache2/lib:/opt/bitnami/common/lib::/usr/java/packages/lib/amd64:/usr/lib64:/lib64:/lib:/usr/lib"/>
    <property name="java.vm.vendor" value="Oracle Corporation"/>
    <property name="java.runtime.name" value="Java(TM) SE Runtime Environment"/>
    <property name="maven.home" value="/opt/bitnami/apps/jenkins/jenkins_home/tools/hudson.tasks.Maven_MavenInstallation/maven"/>
    <property name="java.class.path" value="/opt/bitnami/apps/jenkins/jenkins_home/plugins/maven-plugin/WEB-INF/lib/maven33-agent-1.8.1.jar:/opt/bitnami/apps/jenkins/jenkins_home/tools/hudson.tasks.Maven_MavenInstallation/maven/boot/plexus-classworlds-2.5.2.jar:/opt/bitnami/apps/jenkins/jenkins_home/tools/hudson.tasks.Maven_MavenInstallation/maven/conf/logging"/>
    <property name="sun.java.command" value="jenkins.maven3.agent.Maven33Main /opt/bitnami/apps/jenkins/jenkins_home/tools/hudson.tasks.Maven_MavenInstallation/maven /opt/bitnami/apache-tomcat/webapps/jenkins/WEB-INF/lib/remoting-2.62.3.jar /opt/bitnami/apps/jenkins/jenkins_home/plugins/maven-plugin/WEB-INF/lib/maven33-interceptor-1.8.1.jar /opt/bitnami/apps/jenkins/jenkins_home/plugins/maven-plugin/WEB-INF/lib/maven3-interceptor-commons-1.8.1.jar 36839"/>
    <property name="OPENSSL_CONF" value="/opt/bitnami/common/openssl/openssl.cnf"/>
    <property name="CATALINA_PID" value="/opt/bitnami/apache-tomcat/temp/catalina.pid"/>
    <property name="SASL_CONF_PATH" value="/opt/bitnami/common/etc"/>
    <property name="LDAPCONF" value="/opt/bitnami/common/etc/openldap/ldap.conf"/>
    <property name="java.vm.specification.name" value="Java Virtual Machine Specification"/>
    <property name="PATH+JDK" value="/opt/bitnami/apps/jenkins/jenkins_home/tools/hudson.model.JDK/JDK_8/bin"/>
    <property name="java.vm.specification.version" value="1.8"/>
    <property name="sun.os.patch.level" value="unknown"/>
    <property name="sun.cpu.endian" value="little"/>
    <property name="M2_HOME" value="/opt/bitnami/apps/jenkins/jenkins_home/tools/hudson.tasks.Maven_MavenInstallation/maven"/>
    <property name="java.io.tmpdir" value="/tmp"/>
    <property name="HUDSON_HOME" value="/opt/bitnami/apps/jenkins/jenkins_home"/>
    <property name="PATH+MAVEN" value="/opt/bitnami/apps/jenkins/jenkins_home/tools/hudson.tasks.Maven_MavenInstallation/maven/bin"/>
    <property name="BUILD_URL" value="http://54.227.164.99/jenkins/job/Build_job3/122/"/>
    <property name="java.vendor.url.bug" value="http://bugreport.sun.com/bugreport/"/>
    <property name="OLDPWD" value="/"/>
    <property name="java.awt.graphicsenv" value="sun.awt.X11GraphicsEnvironment"/>
    <property name="os.arch" value="amd64"/>
    <property name="java.ext.dirs" value="/opt/bitnami/apps/jenkins/jenkins_home/tools/hudson.model.JDK/JDK_8/jre/lib/ext:/usr/java/packages/lib/ext"/>
    <property name="user.dir" value="/opt/bitnami/apps/jenkins/jenkins_home/jobs/Build_job3/workspace"/>
    <property name="JOB_URL" value="http://54.227.164.99/jenkins/job/Build_job3/"/>
    <property name="LDFLAGS" value="-L/opt/bitnami/common/lib "/>
    <property name="line.separator" value="
"/>
    <property name="MAVEN_HOME" value="/opt/bitnami/apps/jenkins/jenkins_home/tools/hudson.tasks.Maven_MavenInstallation/maven"/>
    <property name="java.vm.name" value="Java HotSpot(TM) 64-Bit Server VM"/>
    <property name="BUILD_NUMBER" value="122"/>
    <property name="JENKINS_URL" value="http://54.227.164.99/jenkins/"/>
    <property name="GIT_BRANCH" value="origin/master"/>
    <property name="GIT_COMMIT" value="a8055f699a8e1a43ab7c982d75729fb3d2a3368c"/>
    <property name="UPSTART_INSTANCE" value=""/>
    <property name="TERMINFO" value="/opt/bitnami/common/share/terminfo"/>
    <property name="file.encoding" value="ANSI_X3.4-1968"/>
    <property name="maven3.interceptor" value="/opt/bitnami/apps/jenkins/jenkins_home/plugins/maven-plugin/WEB-INF/lib/maven33-interceptor-1.8.1.jar"/>
    <property name="GIT_EXEC_PATH" value="/opt/bitnami/git/libexec/git-core/"/>
    <property name="UPSTART_EVENTS" value="runlevel"/>
    <property name="WORKSPACE" value="/opt/bitnami/apps/jenkins/jenkins_home/jobs/Build_job3/workspace"/>
    <property name="maven3.interceptor.common" value="/opt/bitnami/apps/jenkins/jenkins_home/plugins/maven-plugin/WEB-INF/lib/maven3-interceptor-commons-1.8.1.jar"/>
    <property name="java.specification.version" value="1.8"/>
    <property name="GIT_URL" value="https://github.com/saurau01/OneClickDemo.git"/>
    <property name="XFILESEARCHPATH" value="/usr/dt/app-defaults/%L/Dt"/>
  </properties>
  <testcase classname="com.example.app.AppTest" name="testApp" time="0.006"/>
</testsuite>